<?xml version="1.0" encoding="utf-8"?><testsuites name="pytest tests"><testsuite name="pytest" errors="0" failures="0" skipped="0" tests="6" time="1.136" timestamp="2026-04-29T22:42:04.281955+00:00" hostname="agent-env-4c384901-6be0-4364-9281-a065a16ea1de"><testcase classname="backend.tests.test_theme_promotions.TestTheme" name="test_get_content_has_theme_keys" time="0.216" /><testcase classname="backend.tests.test_theme_promotions.TestTheme" name="test_default_theme_values" time="0.170" /><testcase classname="backend.tests.test_theme_promotions.TestTheme" name="test_put_theme_persists" time="0.201" /><testcase classname="backend.tests.test_theme_promotions.TestPromotions" name="test_default_promotions" time="0.105" /><testcase classname="backend.tests.test_theme_promotions.TestPromotions" name="test_update_promotions_crud" time="0.158" /><testcase classname="backend.tests.test_theme_promotions.TestPromotions" name="test_reset_restores_promotions_and_theme" time="0.213" /></testsuite></testsuites>