<?xml version="1.0" encoding="utf-8"?><testsuites name="pytest tests"><testsuite name="pytest" errors="0" failures="0" skipped="0" tests="20" time="1.737" timestamp="2026-04-28T06:15:52.543946+00:00" hostname="agent-env-4c384901-6be0-4364-9281-a065a16ea1de"><testcase classname="backend.tests.test_admin_cms.TestAuth" name="test_login_success" time="0.198" /><testcase classname="backend.tests.test_admin_cms.TestAuth" name="test_login_invalid_code" time="0.045" /><testcase classname="backend.tests.test_admin_cms.TestAuth" name="test_login_invalid_user" time="0.048" /><testcase classname="backend.tests.test_admin_cms.TestAuth" name="test_me_with_token" time="0.088" /><testcase classname="backend.tests.test_admin_cms.TestAuth" name="test_me_without_token" time="0.043" /><testcase classname="backend.tests.test_admin_cms.TestAuth" name="test_me_with_invalid_token" time="0.045" /><testcase classname="backend.tests.test_admin_cms.TestContent" name="test_get_content_public" time="0.093" /><testcase classname="backend.tests.test_admin_cms.TestContent" name="test_put_content_no_token" time="0.045" /><testcase classname="backend.tests.test_admin_cms.TestContent" name="test_put_content_with_token" time="0.221" /><testcase classname="backend.tests.test_admin_cms.TestContent" name="test_reset_content" time="0.088" /><testcase classname="backend.tests.test_admin_cms.TestContent" name="test_reset_content_no_token" time="0.043" /><testcase classname="backend.tests.test_admin_cms.TestImages" name="test_upload_no_token" time="0.043" /><testcase classname="backend.tests.test_admin_cms.TestImages" name="test_upload_png" time="0.045" /><testcase classname="backend.tests.test_admin_cms.TestImages" name="test_get_uploaded_image" time="0.044" /><testcase classname="backend.tests.test_admin_cms.TestImages" name="test_upload_invalid_mime" time="0.046" /><testcase classname="backend.tests.test_admin_cms.TestImages" name="test_upload_oversize" time="0.294" /><testcase classname="backend.tests.test_admin_cms.TestImages" name="test_list_images_requires_auth" time="0.043" /><testcase classname="backend.tests.test_admin_cms.TestImages" name="test_list_images_with_auth" time="0.043" /><testcase classname="backend.tests.test_admin_cms.TestImages" name="test_delete_image" time="0.088" /><testcase classname="backend.tests.test_admin_cms.TestImages" name="test_delete_image_no_token" time="0.043" /></testsuite></testsuites>