<?xml version="1.0" encoding="utf-8"?><testsuites name="pytest tests"><testsuite name="pytest" errors="0" failures="0" skipped="0" tests="7" time="2.401" timestamp="2026-04-27T18:41:51.377134+00:00" hostname="agent-env-4c384901-6be0-4364-9281-a065a16ea1de"><testcase classname="backend.tests.test_quotes_retro" name="test_root_health" time="0.261" /><testcase classname="backend.tests.test_quotes_retro" name="test_quote_create_retro_day" time="0.474" /><testcase classname="backend.tests.test_quotes_retro" name="test_quote_create_retro_week" time="0.383" /><testcase classname="backend.tests.test_quotes_retro" name="test_quote_create_retro_month" time="0.404" /><testcase classname="backend.tests.test_quotes_retro" name="test_quote_persistence" time="0.444" /><testcase classname="backend.tests.test_quotes_retro" name="test_quote_list" time="0.181" /><testcase classname="backend.tests.test_quotes_retro" name="test_quote_get_404" time="0.166" /></testsuite></testsuites>